CPU_BIND=mask_cpu:00FF000000000000,FF00000000000000,0000000000FF0000,00000000FF000000,00000000000000FF,000000000000FF00,000000FF00000000,0000FF0000000000
rm: cannot remove 'demo_zmatmat': No such file or directory
demo_zmatmat2.f90:108:2:

  108 |   C_ref = transfer(Cref_pack, C_ref, int(n)*int(n))
      |  1
Error: Incompatible ranks 2 and 1 in assignment at (1)
/lus/joey/software/projects/pawsey0001/ilkhom/test_slate/mat-mat/./select_gpu: line 4: /lus/joey/software/projects/pawsey0001/ilkhom/test_slate/mat-mat/demo_zmatmat: No such file or directory
/lus/joey/software/projects/pawsey0001/ilkhom/test_slate/mat-mat/./select_gpu: line 4: /lus/joey/software/projects/pawsey0001/ilkhom/test_slate/mat-mat/demo_zmatmat: No such file or directory
/lus/joey/software/projects/pawsey0001/ilkhom/test_slate/mat-mat/./select_gpu: line 4: /lus/joey/software/projects/pawsey0001/ilkhom/test_slate/mat-mat/demo_zmatmat: No such file or directory
/lus/joey/software/projects/pawsey0001/ilkhom/test_slate/mat-mat/./select_gpu: line 4: /lus/joey/software/projects/pawsey0001/ilkhom/test_slate/mat-mat/demo_zmatmat: No such file or directory
/lus/joey/software/projects/pawsey0001/ilkhom/test_slate/mat-mat/./select_gpu: line 4: /lus/joey/software/projects/pawsey0001/ilkhom/test_slate/mat-mat/demo_zmatmat: No such file or directory
/lus/joey/software/projects/pawsey0001/ilkhom/test_slate/mat-mat/./select_gpu: line 4: /lus/joey/software/projects/pawsey0001/ilkhom/test_slate/mat-mat/demo_zmatmat: No such file or directory
/lus/joey/software/projects/pawsey0001/ilkhom/test_slate/mat-mat/./select_gpu: line 4: /lus/joey/software/projects/pawsey0001/ilkhom/test_slate/mat-mat/demo_zmatmat: No such file or directory
/lus/joey/software/projects/pawsey0001/ilkhom/test_slate/mat-mat/./select_gpu: line 4: /lus/joey/software/projects/pawsey0001/ilkhom/test_slate/mat-mat/demo_zmatmat: No such file or directory
srun: error: nid001004: tasks 0-7: Exited with exit code 127
srun: Terminating StepId=352890.1
Now running the CPU version
 Iteration            0
 Iteration            1
 Iteration            2
 Iteration            3
 Iteration            4
 Iteration            5
 Top-left 3x3 block of final C (if n>=3):
             (-45334795423541200.,-6371036857593164.0)             (-45276151736301024.,-6360078297852712.0)             (-45070675017127616.,-6454058653440765.0)
             (-45297894157016688.,-6375056854174941.0)             (-45239298153402120.,-6364095133584619.0)             (-45033963078702520.,-6457961254002298.0)
             (-45273925685633848.,-6362938156621628.0)             (-45215360536882968.,-6351994008597806.0)             (-45010158300268584.,-6445847128857505.0)
 Sum of real parts of B:   3.6667935607593406E+021
 Sum of real parts of C:   3.6667935607593406E+021
 Elapsed time (s) for 6 mat-mats =    31.381000000000000     
