CPU_BIND=mask_cpu:00FF000000000000,FF00000000000000,0000000000FF0000,00000000FF000000,00000000000000FF,000000000000FF00,000000FF00000000,0000FF0000000000
 n =                 2048   mb =                  256   nb =                  256
 nprow =           2   npcol =           4
 GPU iteration            0
 GPU iteration            1
 GPU iteration            2
 GPU iteration            3
 GPU iteration            4
 GPU iteration            5
n=2048  p=2  q=4  GPU(s)=   1.418  CPU(s)=   8.243  rel_err= 3.26080E+15
 First 3 entries of flattened C_ref:              (1.4628906250000000,-1022.5820312500000)              (2.8720703125000000,-1021.7529296875000)              (3.4394531250000000,-1022.5097656250000)
 First 3 local entries of C_local: (-2.91249538508223130E+018,-3.94182307139925568E+017) (-2.91140509529907917E+018,-3.94234183445698304E+017) (-2.91055507449438669E+018,-3.93938654783272064E+017)
 sum_tot (sum of real parts of C over all ranks):    9.4194104576883600E+023
Now running the CPU version
 Iteration            0
 Iteration            1
 Iteration            2
 Iteration            3
 Iteration            4
 Iteration            5
 Top-left 3x3 block of final C (if n>=3):
             (-45334795423541200.,-6371036857593164.0)             (-45276151736301024.,-6360078297852712.0)             (-45070675017127616.,-6454058653440765.0)
             (-45297894157016688.,-6375056854174941.0)             (-45239298153402120.,-6364095133584619.0)             (-45033963078702520.,-6457961254002298.0)
             (-45273925685633848.,-6362938156621628.0)             (-45215360536882968.,-6351994008597806.0)             (-45010158300268584.,-6445847128857505.0)
 Sum of real parts of B:   3.6667935607593406E+021
 Sum of real parts of C:   3.6667935607593406E+021
 Elapsed time (s) for 6 mat-mats =    31.018000000000001     
