CPU_BIND=mask_cpu:00FF000000000000,FF00000000000000,0000000000FF0000,00000000FF000000,00000000000000FF,000000000000FF00,000000FF00000000,0000FF0000000000
 n =                 2048   mb =                  256   nb =                  256
 nprow =           2   npcol =           4
 GPU iteration            0
 GPU iteration            1
 GPU iteration            2
n=2048  p=2  q=4  GPU(s)=   1.382  CPU(s)=   8.124  rel_err= 1.57695E+06
 First 3 entries of flattened C_ref:              (1.4628906250000000,-1022.5820312500000)              (2.8720703125000000,-1021.7529296875000)              (3.4394531250000000,-1022.5097656250000)
 Y_local =   (9.34255157345585714E+026,-4.70603575410174952E+026)  (9.33838618556582731E+026,-4.70344771243392868E+026)  (9.33587156247320455E+026,-4.70203451539815486E+026)
 First 3 local entries of C_local:             (-768541191.97778893,-1177622808.3387702)             (-768193793.87593067,-1177199983.5491714)             (-768002707.41374779,-1176809559.5121591)
 sum_tot (sum of real parts of C over all ranks):    2563546058391871.0     
Now running the CPU version
 Iteration            0
 Iteration            1
 Iteration            2
 Top-left 3x3 block of final C (if n>=3):
             (-768541191.97780561,-1177622808.3387604)             (-768018661.47527003,-1177229996.9707465)             (-764888738.28127635,-1175878967.3105433)
             (-768193793.87593257,-1177199983.5491753)             (-767671804.61155891,-1176807398.3204646)             (-764543189.76970863,-1175456390.8193593)
             (-768002707.41374278,-1176809559.5121620)             (-767480542.36755216,-1176417407.9726982)             (-764352335.59324443,-1175067370.0800002)
 Sum of real parts of B:   2563546058391765.0     
 Sum of real parts of C:   2563546058391765.0     
 Elapsed time (s) for 6 mat-mats =    241.43700000000001     
 PrintY  (9.34255157345583377E+026,-4.70603575410171104E+026)  (9.33838618556581356E+026,-4.70344771243395273E+026)  (9.33587156247328701E+026,-4.70203451539815761E+026)
